<?xml version="1.0" encoding="UTF-8"?>
<!-- Generated by org.testng.reporters.JUnitXMLReporter -->
<testsuite hostname="byavuz" ignored="0" name="Default test" tests="2" failures="0" timestamp="02 Tem 2018 07:04:46 GMT" time="2.761" errors="0">
  <testcase name="getResponse_sizeControl" time="1.85" classname="getRequest.Billie_Comment_API_Control_Test"/>
  <testcase name="getResponse_specificCommentControl" time="0.396" classname="getRequest.Billie_Comment_API_Control_Test"/>
</testsuite> <!-- Default test -->
