<?xml version="1.0" encoding="UTF-8"?>
<testng-results skipped="0" failed="0" ignored="0" total="2" passed="2">
  <reporter-output>
  </reporter-output>
  <suite name="Billie Test Suite" duration-ms="2828" started-at="2018-07-02T07:05:06Z" finished-at="2018-07-02T07:05:09Z">
    <groups>
    </groups>
    <test name="Comment_API_Control" duration-ms="2828" started-at="2018-07-02T07:05:06Z" finished-at="2018-07-02T07:05:09Z">
      <class name="getRequest.Billie_Comment_API_Control_Test">
        <test-method status="PASS" signature="setup()[pri:0, instance:getRequest.Billie_Comment_API_Control_Test@4678c730]" name="setup" is-config="true" duration-ms="480" started-at="2018-07-02T10:05:06Z" finished-at="2018-07-02T10:05:06Z">
          <reporter-output>
          </reporter-output>
        </test-method> <!-- setup -->
        <test-method status="PASS" signature="getResponse_sizeControl()[pri:0, instance:getRequest.Billie_Comment_API_Control_Test@4678c730]" name="getResponse_sizeControl" duration-ms="1949" started-at="2018-07-02T10:05:06Z" finished-at="2018-07-02T10:05:08Z">
          <reporter-output>
          </reporter-output>
        </test-method> <!-- getResponse_sizeControl -->
        <test-method status="PASS" signature="getResponse_specificCommentControl()[pri:0, instance:getRequest.Billie_Comment_API_Control_Test@4678c730]" name="getResponse_specificCommentControl" duration-ms="381" started-at="2018-07-02T10:05:08Z" finished-at="2018-07-02T10:05:09Z">
          <reporter-output>
          </reporter-output>
        </test-method> <!-- getResponse_specificCommentControl -->
      </class> <!-- getRequest.Billie_Comment_API_Control_Test -->
    </test> <!-- Comment_API_Control -->
  </suite> <!-- Billie Test Suite -->
</testng-results>
